

task contains conditional effects. turning off state domination.

 --- OK.
 Match tree built with 40 nodes.

PDDL problem description loaded: 
	Domain: AMONGUS
	Problem: AMONGUS-PROB
	#Actions: 40
	#Fluents: 163
Goals found: 7
Goals_Edges found: 7
Starting search with 1-BFWS...
--[5 / 0]--
--[5 / 1]--
--[5 / 3]--
--[4 / 0]--
--[4 / 14]--
--[3 / 0]--
--[3 / 14]--
--[2 / 0]--
--[2 / 14]--
--[2 / 17]--
--[2 / 18]--
--[2 / 20]--
--[2 / 34]--
--[2 / 37]--
--[0 / 0]--
--[0 / 28]--
Total time: 0.001572
Nodes generated during search: 320
Nodes expanded during search: 186
Plan found with cost: 7
Fast-BFS search completed in 0.001572 secs
Solving...
/usr/local/lib/python3.6/dist-packages/PDKB_Planning_Library-0.1-py3.6.egg/pdkb/planners/bfws --domain pdkb-domain.pddl  --problem pdkb-problem.pddl --output pdkb-plan.txt --1-BFWS 1
Done!
